<?xml version="1.0" encoding="UTF-8"?>
<testsuite xmlns:xsi="http://www.w3.org/2001/XMLSchema-instance" xsi:noNamespaceSchemaLocation="https://maven.apache.org/surefire/maven-surefire-plugin/xsd/surefire-test-report.xsd" name="TestSuite" time="119.927" tests="4" errors="0" skipped="1" failures="1">
  <properties>
[...]
</properties>
  <testcase name="InvalidLoginTest" classname="TestCases.InValid_HomePageTitle" time="0">
    <skipped message="expected [My Store -1] but found [My Store]"/>
    <system-out><![CDATA[Files in [allure-results] folder deleted successfully
Chrome Driver Path : C:\RaviJAVAProjects\DRIVERCollection\chromedriver85.0.4183.87.exe
2020-09-26 17:27:59 INFO  Log:26 - Chrome Driver Path : C:\RaviJAVAProjects\DRIVERCollection\chromedriver85.0.4183.87.exe
2020-09-26 17:28:07 INFO  Log:26 - InvalidLoginTest test is starting.
2020-09-26 17:28:08 INFO  Log:26 - InvalidLoginTest test is starting.
2020-09-26 17:28:08 INFO  Log:52 - Message: Open My Store Application - Base URL : http://automationpractice.com/index.php
2020-09-26 17:28:20 INFO  Log:52 - Message: Verify Home page Title [My Store -1] - Fail
]]></system-out>
    <system-err><![CDATA[SLF4J: Failed to load class "org.slf4j.impl.StaticLoggerBinder".
SLF4J: Defaulting to no-operation (NOP) logger implementation
SLF4J: See http://www.slf4j.org/codes.html#StaticLoggerBinder for further details.
Starting ChromeDriver 85.0.4183.87 (cd6713ebf92fa1cacc0f1a598df280093af0c5d7-refs/branch-heads/4183@{#1689}) on port 9447
Only local connections are allowed.
Please see https://chromedriver.chromium.org/security-considerations for suggestions on keeping ChromeDriver safe.
ChromeDriver was started successfully.
[1601121483.192][WARNING]: Deprecated chrome option is ignored: useAutomationExtension
[1601121483.192][WARNING]: Deprecated chrome option is ignored: useAutomationExtension
Sep 26, 2020 5:28:06 PM org.openqa.selenium.remote.ProtocolHandshake createSession
INFO: Detected dialect: W3C
]]></system-err>
  </testcase>
  <testcase name="InvalidLoginTest" classname="TestCases.InValid_HomePageTitle" time="6.251">
    <failure message="expected [My Store -1] but found [My Store]" type="java.lang.AssertionError">java.lang.AssertionError: expected [My Store -1] but found [My Store]
	at TestCases.InValid_HomePageTitle.InvalidLoginTest(InValid_HomePageTitle.java:30)
</failure>
    <system-out><![CDATA[2020-09-26 17:28:21 INFO  Log:26 - InvalidLoginTest test is starting.
2020-09-26 17:28:21 INFO  Log:26 - InvalidLoginTest test is starting.
2020-09-26 17:28:21 INFO  Log:52 - Message: Open My Store Application - Base URL : http://automationpractice.com/index.php
2020-09-26 17:28:24 INFO  Log:52 - Message: Verify Home page Title [My Store -1] - Fail
Screenshot captured for test case:InvalidLoginTest
Screenshot captured for test case:InvalidLoginTest
]]></system-out>
  </testcase>
  <testcase name="validLoginTest" classname="TestCases.Valid_LoginTest" time="52.778"/>
  <testcase name="InvalidLoginTest" classname="TestCases.InValid_LoginTest" time="16.953"/>
</testsuite>